[${project.name}][${env:SERVER_PORT}] 2020-09-21 10:17:46,507 INFO [main][PostProcessorRegistrationDelegate.java:335] - Bean 'org.springframework.cloud.autoconfigure.ConfigurationPropertiesRebinderAutoConfiguration' of type [org.springframework.cloud.autoconfigure.ConfigurationPropertiesRebinderAutoConfiguration$$EnhancerBySpringCGLIB$$6e510ef8] is not eligible for getting processed by all BeanPostProcessors (for example: not eligible for auto-proxying)
[${project.name}][${env:SERVER_PORT}] 2020-09-21 10:17:50,127 INFO [main][PropertySourceBootstrapConfiguration.java:101] - Located property source: CompositePropertySource {name='NACOS', propertySources=[NacosPropertySource {name='T_USER.properties'}]}
[${project.name}][${env:SERVER_PORT}] 2020-09-21 10:17:50,158 INFO [main][SpringApplication.java:651] - No active profile set, falling back to default profiles: default
[${project.name}][${env:SERVER_PORT}] 2020-09-21 10:17:51,207 INFO [main][GenericScope.java:295] - BeanFactory id=e6aa3ef4-2054-3e63-b3cf-ad57cf10772a
[${project.name}][${env:SERVER_PORT}] 2020-09-21 10:17:51,271 INFO [main][PostProcessorRegistrationDelegate.java:335] - Bean 'org.springframework.cloud.autoconfigure.ConfigurationPropertiesRebinderAutoConfiguration' of type [org.springframework.cloud.autoconfigure.ConfigurationPropertiesRebinderAutoConfiguration$$EnhancerBySpringCGLIB$$6e510ef8] is not eligible for getting processed by all BeanPostProcessors (for example: not eligible for auto-proxying)
[${project.name}][${env:SERVER_PORT}] 2020-09-21 10:17:51,497 INFO [main][TomcatWebServer.java:108] - Tomcat initialized with port(s): 8888 (http)
[${project.name}][${env:SERVER_PORT}] 2020-09-21 10:17:51,506 INFO [main][DirectJDKLog.java:173] - Initializing ProtocolHandler ["http-nio-8888"]
[${project.name}][${env:SERVER_PORT}] 2020-09-21 10:17:51,506 INFO [main][DirectJDKLog.java:173] - Starting service [Tomcat]
[${project.name}][${env:SERVER_PORT}] 2020-09-21 10:17:51,507 INFO [main][DirectJDKLog.java:173] - Starting Servlet engine: [Apache Tomcat/9.0.37]
[${project.name}][${env:SERVER_PORT}] 2020-09-21 10:17:51,654 INFO [main][DirectJDKLog.java:173] - Initializing Spring embedded WebApplicationContext
[${project.name}][${env:SERVER_PORT}] 2020-09-21 10:17:51,654 INFO [main][ServletWebServerApplicationContext.java:285] - Root WebApplicationContext: initialization completed in 1472 ms
[${project.name}][${env:SERVER_PORT}] 2020-09-21 10:17:51,762 INFO [main][DruidDataSourceAutoConfigure.java:56] - Init DruidDataSource
[${project.name}][${env:SERVER_PORT}] 2020-09-21 10:17:51,899 INFO [main][DruidDataSource.java:983] - {dataSource-1} inited
[${project.name}][${env:SERVER_PORT}] 2020-09-21 10:17:52,748 WARN [main][AbstractMethod.java:306] - [com.zzc.intern.mapper.HouseInfoMapper.delete] Has been loaded by XML or SqlProvider or Mybatis's Annotation, so ignoring this injection for [class com.baomidou.mybatisplus.core.injector.methods.Delete]
[${project.name}][${env:SERVER_PORT}] 2020-09-21 10:17:52,752 WARN [main][AbstractMethod.java:306] - [com.zzc.intern.mapper.HouseInfoMapper.update] Has been loaded by XML or SqlProvider or Mybatis's Annotation, so ignoring this injection for [class com.baomidou.mybatisplus.core.injector.methods.Update]
[${project.name}][${env:SERVER_PORT}] 2020-09-21 10:17:52,775 WARN [main][AbstractMethod.java:306] - [com.zzc.intern.mapper.JobInfoMapper.insert] Has been loaded by XML or SqlProvider or Mybatis's Annotation, so ignoring this injection for [class com.baomidou.mybatisplus.core.injector.methods.Insert]
[${project.name}][${env:SERVER_PORT}] 2020-09-21 10:17:52,865 WARN [main][AbstractMethod.java:306] - [com.zzc.intern.mapper.ResourceInfoMapper.deleteById] Has been loaded by XML or SqlProvider or Mybatis's Annotation, so ignoring this injection for [class com.baomidou.mybatisplus.core.injector.methods.DeleteById]
[${project.name}][${env:SERVER_PORT}] 2020-09-21 10:17:52,868 WARN [main][AbstractMethod.java:306] - [com.zzc.intern.mapper.ResourceInfoMapper.update] Has been loaded by XML or SqlProvider or Mybatis's Annotation, so ignoring this injection for [class com.baomidou.mybatisplus.core.injector.methods.Update]
[${project.name}][${env:SERVER_PORT}] 2020-09-21 10:17:53,739 WARN [main][AbstractApplicationContext.java:559] - Exception encountered during context initialization - cancelling refresh attempt: org.springframework.beans.factory.UnsatisfiedDependencyException: Error creating bean with name 'documentationPluginsBootstrapper' defined in URL [jar:file:/D:/M2/repository/io/springfox/springfox-spring-web/2.9.2/springfox-spring-web-2.9.2.jar!/springfox/documentation/spring/web/plugins/DocumentationPluginsBootstrapper.class]: Unsatisfied dependency expressed through constructor parameter 1; nested exception is org.springframework.beans.factory.UnsatisfiedDependencyException: Error creating bean with name 'webMvcRequestHandlerProvider' defined in URL [jar:file:/D:/M2/repository/io/springfox/springfox-spring-web/2.9.2/springfox-spring-web-2.9.2.jar!/springfox/documentation/spring/web/plugins/WebMvcRequestHandlerProvider.class]: Unsatisfied dependency expressed through constructor parameter 1; nested exception is org.springframework.beans.factory.BeanCreationException: Error creating bean with name 'requestMappingHandlerMapping' defined in class path resource [org/springframework/boot/autoconfigure/web/servlet/WebMvcAutoConfiguration$EnableWebMvcConfiguration.class]: Invocation of init method failed; nested exception is java.lang.IllegalStateException: Ambiguous mapping. Cannot map 'jobInfoController' method 
com.zzc.intern.controller.JobInfoController#selectId(String)
to {GET /jobInfo/selectId}: There is already 'jobInfoController' bean method
com.zzc.intern.controller.JobInfoController#selectGId(String) mapped.
[${project.name}][${env:SERVER_PORT}] 2020-09-21 10:17:53,742 INFO [main][DruidDataSource.java:2024] - {dataSource-1} closing ...
[${project.name}][${env:SERVER_PORT}] 2020-09-21 10:17:53,749 INFO [main][DruidDataSource.java:2096] - {dataSource-1} closed
[${project.name}][${env:SERVER_PORT}] 2020-09-21 10:17:53,751 INFO [main][DirectJDKLog.java:173] - Stopping service [Tomcat]
[${project.name}][${env:SERVER_PORT}] 2020-09-21 10:17:53,768 INFO [main][ConditionEvaluationReportLoggingListener.java:136] - 

Error starting ApplicationContext. To display the conditions report re-run your application with 'debug' enabled.
[${project.name}][${env:SERVER_PORT}] 2020-09-21 10:20:54,032 INFO [main][PostProcessorRegistrationDelegate.java:335] - Bean 'org.springframework.cloud.autoconfigure.ConfigurationPropertiesRebinderAutoConfiguration' of type [org.springframework.cloud.autoconfigure.ConfigurationPropertiesRebinderAutoConfiguration$$EnhancerBySpringCGLIB$$6e510ef8] is not eligible for getting processed by all BeanPostProcessors (for example: not eligible for auto-proxying)
[${project.name}][${env:SERVER_PORT}] 2020-09-21 10:20:57,028 INFO [main][PropertySourceBootstrapConfiguration.java:101] - Located property source: CompositePropertySource {name='NACOS', propertySources=[NacosPropertySource {name='T_USER.properties'}]}
[${project.name}][${env:SERVER_PORT}] 2020-09-21 10:20:57,051 INFO [main][SpringApplication.java:651] - No active profile set, falling back to default profiles: default
[${project.name}][${env:SERVER_PORT}] 2020-09-21 10:20:57,825 INFO [main][GenericScope.java:295] - BeanFactory id=e6aa3ef4-2054-3e63-b3cf-ad57cf10772a
[${project.name}][${env:SERVER_PORT}] 2020-09-21 10:20:57,880 INFO [main][PostProcessorRegistrationDelegate.java:335] - Bean 'org.springframework.cloud.autoconfigure.ConfigurationPropertiesRebinderAutoConfiguration' of type [org.springframework.cloud.autoconfigure.ConfigurationPropertiesRebinderAutoConfiguration$$EnhancerBySpringCGLIB$$6e510ef8] is not eligible for getting processed by all BeanPostProcessors (for example: not eligible for auto-proxying)
[${project.name}][${env:SERVER_PORT}] 2020-09-21 10:20:58,063 INFO [main][TomcatWebServer.java:108] - Tomcat initialized with port(s): 8888 (http)
[${project.name}][${env:SERVER_PORT}] 2020-09-21 10:20:58,070 INFO [main][DirectJDKLog.java:173] - Initializing ProtocolHandler ["http-nio-8888"]
[${project.name}][${env:SERVER_PORT}] 2020-09-21 10:20:58,071 INFO [main][DirectJDKLog.java:173] - Starting service [Tomcat]
[${project.name}][${env:SERVER_PORT}] 2020-09-21 10:20:58,071 INFO [main][DirectJDKLog.java:173] - Starting Servlet engine: [Apache Tomcat/9.0.37]
[${project.name}][${env:SERVER_PORT}] 2020-09-21 10:20:58,191 INFO [main][DirectJDKLog.java:173] - Initializing Spring embedded WebApplicationContext
[${project.name}][${env:SERVER_PORT}] 2020-09-21 10:20:58,191 INFO [main][ServletWebServerApplicationContext.java:285] - Root WebApplicationContext: initialization completed in 1128 ms
[${project.name}][${env:SERVER_PORT}] 2020-09-21 10:20:58,262 INFO [main][DruidDataSourceAutoConfigure.java:56] - Init DruidDataSource
[${project.name}][${env:SERVER_PORT}] 2020-09-21 10:20:58,337 INFO [main][DruidDataSource.java:983] - {dataSource-1} inited
[${project.name}][${env:SERVER_PORT}] 2020-09-21 10:20:58,850 WARN [main][AbstractMethod.java:306] - [com.zzc.intern.mapper.HouseInfoMapper.delete] Has been loaded by XML or SqlProvider or Mybatis's Annotation, so ignoring this injection for [class com.baomidou.mybatisplus.core.injector.methods.Delete]
[${project.name}][${env:SERVER_PORT}] 2020-09-21 10:20:58,854 WARN [main][AbstractMethod.java:306] - [com.zzc.intern.mapper.HouseInfoMapper.update] Has been loaded by XML or SqlProvider or Mybatis's Annotation, so ignoring this injection for [class com.baomidou.mybatisplus.core.injector.methods.Update]
[${project.name}][${env:SERVER_PORT}] 2020-09-21 10:20:58,871 WARN [main][AbstractMethod.java:306] - [com.zzc.intern.mapper.JobInfoMapper.insert] Has been loaded by XML or SqlProvider or Mybatis's Annotation, so ignoring this injection for [class com.baomidou.mybatisplus.core.injector.methods.Insert]
[${project.name}][${env:SERVER_PORT}] 2020-09-21 10:20:58,930 WARN [main][AbstractMethod.java:306] - [com.zzc.intern.mapper.ResourceInfoMapper.deleteById] Has been loaded by XML or SqlProvider or Mybatis's Annotation, so ignoring this injection for [class com.baomidou.mybatisplus.core.injector.methods.DeleteById]
[${project.name}][${env:SERVER_PORT}] 2020-09-21 10:20:58,932 WARN [main][AbstractMethod.java:306] - [com.zzc.intern.mapper.ResourceInfoMapper.update] Has been loaded by XML or SqlProvider or Mybatis's Annotation, so ignoring this injection for [class com.baomidou.mybatisplus.core.injector.methods.Update]
[${project.name}][${env:SERVER_PORT}] 2020-09-21 10:20:59,500 INFO [main][PropertySourcedRequestMappingHandlerMapping.java:69] - Mapped URL path [/v2/api-docs] onto method [springfox.documentation.swagger2.web.Swagger2Controller#getDocumentation(String, HttpServletRequest)]
[${project.name}][${env:SERVER_PORT}] 2020-09-21 10:20:59,515 WARN [main][URLConfigurationSource.java:121] - No URLs will be polled as dynamic configuration sources.
[${project.name}][${env:SERVER_PORT}] 2020-09-21 10:20:59,515 INFO [main][URLConfigurationSource.java:122] - To enable URLs as dynamic configuration sources, define System property archaius.configurationSource.additionalUrls or make config.properties available on classpath.
[${project.name}][${env:SERVER_PORT}] 2020-09-21 10:20:59,519 WARN [main][URLConfigurationSource.java:121] - No URLs will be polled as dynamic configuration sources.
[${project.name}][${env:SERVER_PORT}] 2020-09-21 10:20:59,519 INFO [main][URLConfigurationSource.java:122] - To enable URLs as dynamic configuration sources, define System property archaius.configurationSource.additionalUrls or make config.properties available on classpath.
[${project.name}][${env:SERVER_PORT}] 2020-09-21 10:20:59,601 INFO [main][ExecutorConfigurationSupport.java:181] - Initializing ExecutorService 'applicationTaskExecutor'
[${project.name}][${env:SERVER_PORT}] 2020-09-21 10:21:02,356 INFO [main][InetUtils.java:170] - Cannot determine local hostname
[${project.name}][${env:SERVER_PORT}] 2020-09-21 10:21:02,424 INFO [main][ExecutorConfigurationSupport.java:181] - Initializing ExecutorService
[${project.name}][${env:SERVER_PORT}] 2020-09-21 10:21:05,141 INFO [main][InetUtils.java:170] - Cannot determine local hostname
[${project.name}][${env:SERVER_PORT}] 2020-09-21 10:21:05,328 INFO [main][DirectJDKLog.java:173] - Starting ProtocolHandler ["http-nio-8888"]
[${project.name}][${env:SERVER_PORT}] 2020-09-21 10:21:05,349 INFO [main][TomcatWebServer.java:220] - Tomcat started on port(s): 8888 (http) with context path ''
[${project.name}][${env:SERVER_PORT}] 2020-09-21 10:21:05,410 INFO [main][NacosServiceRegistry.java:62] - nacos registry, T_USER 192.168.56.1:8888 register finished
[${project.name}][${env:SERVER_PORT}] 2020-09-21 10:21:05,413 INFO [main][DocumentationPluginsBootstrapper.java:160] - Context refreshed
[${project.name}][${env:SERVER_PORT}] 2020-09-21 10:21:05,430 INFO [main][DocumentationPluginsBootstrapper.java:163] - Found 1 custom documentation plugin(s)
[${project.name}][${env:SERVER_PORT}] 2020-09-21 10:21:05,457 INFO [main][ApiListingReferenceScanner.java:41] - Scanning for api listing references
[${project.name}][${env:SERVER_PORT}] 2020-09-21 10:21:05,581 INFO [main][CachingOperationNameGenerator.java:40] - Generating unique operation named: findAllUsingGET_1
[${project.name}][${env:SERVER_PORT}] 2020-09-21 10:21:05,583 INFO [main][CachingOperationNameGenerator.java:40] - Generating unique operation named: findByIdUsingGET_1
[${project.name}][${env:SERVER_PORT}] 2020-09-21 10:21:05,595 INFO [main][CachingOperationNameGenerator.java:40] - Generating unique operation named: findAllUsingGET_2
[${project.name}][${env:SERVER_PORT}] 2020-09-21 10:21:05,608 INFO [main][CachingOperationNameGenerator.java:40] - Generating unique operation named: insertUsingGET_1
[${project.name}][${env:SERVER_PORT}] 2020-09-21 10:21:05,618 INFO [main][CachingOperationNameGenerator.java:40] - Generating unique operation named: addUsingPOST_1
[${project.name}][${env:SERVER_PORT}] 2020-09-21 10:21:05,622 INFO [main][CachingOperationNameGenerator.java:40] - Generating unique operation named: deleteByIdUsingGET_1
[${project.name}][${env:SERVER_PORT}] 2020-09-21 10:21:05,625 INFO [main][CachingOperationNameGenerator.java:40] - Generating unique operation named: findAllUsingGET_3
[${project.name}][${env:SERVER_PORT}] 2020-09-21 10:21:05,632 INFO [main][CachingOperationNameGenerator.java:40] - Generating unique operation named: findByIdUsingGET_2
[${project.name}][${env:SERVER_PORT}] 2020-09-21 10:21:05,633 INFO [main][CachingOperationNameGenerator.java:40] - Generating unique operation named: updateUsingPOST_1
[${project.name}][${env:SERVER_PORT}] 2020-09-21 10:21:05,641 INFO [main][CachingOperationNameGenerator.java:40] - Generating unique operation named: findAllUsingGET_4
[${project.name}][${env:SERVER_PORT}] 2020-09-21 10:21:05,660 INFO [main][StartupInfoLogger.java:61] - Started TUserApplication in 15.388 seconds (JVM running for 17.493)
[${project.name}][${env:SERVER_PORT}] 2020-09-21 10:27:32,673 WARN [com.alibaba.nacos.naming.beat.sender][HttpClient.java:95] - failed to request http://192.168.2.173:8848/nacos/v1/ns/instance/beat?beat=%7B%22cluster%22%3A%22DEFAULT%22%2C%22ip%22%3A%22192.168.56.1%22%2C%22metadata%22%3A%7B%22preserved.register.source%22%3A%22SPRING_CLOUD%22%7D%2C%22period%22%3A5000%2C%22port%22%3A8888%2C%22scheduled%22%3Afalse%2C%22serviceName%22%3A%22DEFAULT_GROUP%40%40T_USER%22%2C%22stopped%22%3Afalse%2C%22weight%22%3A1.0%7D&serviceName=DEFAULT_GROUP%40%40T_USER&encoding=UTF-8&namespaceId=public from 192.168.2.173
[${project.name}][${env:SERVER_PORT}] 2020-09-21 10:27:32,674 ERROR [com.alibaba.nacos.naming.beat.sender][HttpClient.java:103] - [NA] failed to request 
java.net.SocketTimeoutException: connect timed out
	at java.net.DualStackPlainSocketImpl.waitForConnect(Native Method)
	at java.net.DualStackPlainSocketImpl.socketConnect(DualStackPlainSocketImpl.java:85)
	at java.net.AbstractPlainSocketImpl.doConnect(AbstractPlainSocketImpl.java:350)
	at java.net.AbstractPlainSocketImpl.connectToAddress(AbstractPlainSocketImpl.java:206)
	at java.net.AbstractPlainSocketImpl.connect(AbstractPlainSocketImpl.java:188)
	at java.net.PlainSocketImpl.connect(PlainSocketImpl.java:172)
	at java.net.SocksSocketImpl.connect(SocksSocketImpl.java:392)
	at java.net.Socket.connect(Socket.java:656)
	at sun.net.NetworkClient.doConnect(NetworkClient.java:175)
	at sun.net.www.http.HttpClient.openServer(HttpClient.java:463)
	at sun.net.www.http.HttpClient.openServer(HttpClient.java:558)
	at sun.net.www.http.HttpClient.<init>(HttpClient.java:242)
	at sun.net.www.http.HttpClient.New(HttpClient.java:339)
	at sun.net.www.http.HttpClient.New(HttpClient.java:357)
	at sun.net.www.protocol.http.HttpURLConnection.getNewHttpClient(HttpURLConnection.java:1226)
	at sun.net.www.protocol.http.HttpURLConnection.plainConnect0(HttpURLConnection.java:1162)
	at sun.net.www.protocol.http.HttpURLConnection.plainConnect(HttpURLConnection.java:1056)
	at sun.net.www.protocol.http.HttpURLConnection.connect(HttpURLConnection.java:990)
	at sun.net.www.protocol.http.HttpURLConnection.getOutputStream0(HttpURLConnection.java:1340)
	at sun.net.www.protocol.http.HttpURLConnection.getOutputStream(HttpURLConnection.java:1315)
	at com.alibaba.nacos.client.naming.net.HttpClient.request(HttpClient.java:85)
	at com.alibaba.nacos.client.naming.net.NamingProxy.callServer(NamingProxy.java:410)
	at com.alibaba.nacos.client.naming.net.NamingProxy.reqAPI(NamingProxy.java:451)
	at com.alibaba.nacos.client.naming.net.NamingProxy.reqAPI(NamingProxy.java:386)
	at com.alibaba.nacos.client.naming.net.NamingProxy.sendBeat(NamingProxy.java:309)
	at com.alibaba.nacos.client.naming.beat.BeatReactor$BeatTask.run(BeatReactor.java:92)
	at java.util.concurrent.Executors$RunnableAdapter.call(Executors.java:511)
	at java.util.concurrent.FutureTask.run(FutureTask.java:266)
	at java.util.concurrent.ScheduledThreadPoolExecutor$ScheduledFutureTask.access$201(ScheduledThreadPoolExecutor.java:180)
	at java.util.concurrent.ScheduledThreadPoolExecutor$ScheduledFutureTask.run(ScheduledThreadPoolExecutor.java:293)
	at java.util.concurrent.ThreadPoolExecutor.runWorker(ThreadPoolExecutor.java:1149)
	at java.util.concurrent.ThreadPoolExecutor$Worker.run(ThreadPoolExecutor.java:624)
	at java.lang.Thread.run(Thread.java:853)
[${project.name}][${env:SERVER_PORT}] 2020-09-21 10:27:32,688 ERROR [com.alibaba.nacos.naming.beat.sender][NamingProxy.java:454] - request 192.168.2.173:8848 failed.
ErrCode:500, ErrMsg:failed to req API:192.168.2.173:8848/nacos/v1/ns/instance/beat. code:500 msg: java.net.SocketTimeoutException: connect timed out
	at com.alibaba.nacos.client.naming.net.NamingProxy.callServer(NamingProxy.java:424)
	at com.alibaba.nacos.client.naming.net.NamingProxy.reqAPI(NamingProxy.java:451)
	at com.alibaba.nacos.client.naming.net.NamingProxy.reqAPI(NamingProxy.java:386)
	at com.alibaba.nacos.client.naming.net.NamingProxy.sendBeat(NamingProxy.java:309)
	at com.alibaba.nacos.client.naming.beat.BeatReactor$BeatTask.run(BeatReactor.java:92)
	at java.util.concurrent.Executors$RunnableAdapter.call(Executors.java:511)
	at java.util.concurrent.FutureTask.run(FutureTask.java:266)
	at java.util.concurrent.ScheduledThreadPoolExecutor$ScheduledFutureTask.access$201(ScheduledThreadPoolExecutor.java:180)
	at java.util.concurrent.ScheduledThreadPoolExecutor$ScheduledFutureTask.run(ScheduledThreadPoolExecutor.java:293)
	at java.util.concurrent.ThreadPoolExecutor.runWorker(ThreadPoolExecutor.java:1149)
	at java.util.concurrent.ThreadPoolExecutor$Worker.run(ThreadPoolExecutor.java:624)
	at java.lang.Thread.run(Thread.java:853)
[${project.name}][${env:SERVER_PORT}] 2020-09-21 10:27:32,689 ERROR [com.alibaba.nacos.naming.beat.sender][NamingProxy.java:316] - [CLIENT-BEAT] failed to send beat: {"cluster":"DEFAULT","ip":"192.168.56.1","metadata":{"preserved.register.source":"SPRING_CLOUD"},"period":5000,"port":8888,"scheduled":false,"serviceName":"DEFAULT_GROUP@@T_USER","stopped":false,"weight":1.0}
java.lang.IllegalStateException: failed to req API:/nacos/v1/ns/instance/beat after all servers([192.168.2.173:8848]) tried: failed to req API:192.168.2.173:8848/nacos/v1/ns/instance/beat. code:500 msg: java.net.SocketTimeoutException: connect timed out
	at com.alibaba.nacos.client.naming.net.NamingProxy.reqAPI(NamingProxy.java:464)
	at com.alibaba.nacos.client.naming.net.NamingProxy.reqAPI(NamingProxy.java:386)
	at com.alibaba.nacos.client.naming.net.NamingProxy.sendBeat(NamingProxy.java:309)
	at com.alibaba.nacos.client.naming.beat.BeatReactor$BeatTask.run(BeatReactor.java:92)
	at java.util.concurrent.Executors$RunnableAdapter.call(Executors.java:511)
	at java.util.concurrent.FutureTask.run(FutureTask.java:266)
	at java.util.concurrent.ScheduledThreadPoolExecutor$ScheduledFutureTask.access$201(ScheduledThreadPoolExecutor.java:180)
	at java.util.concurrent.ScheduledThreadPoolExecutor$ScheduledFutureTask.run(ScheduledThreadPoolExecutor.java:293)
	at java.util.concurrent.ThreadPoolExecutor.runWorker(ThreadPoolExecutor.java:1149)
	at java.util.concurrent.ThreadPoolExecutor$Worker.run(ThreadPoolExecutor.java:624)
	at java.lang.Thread.run(Thread.java:853)
[${project.name}][${env:SERVER_PORT}] 2020-09-21 10:31:45,107 INFO [RMI TCP Connection(22)-127.0.0.1][SpringApplicationAdminMXBeanRegistrar.java:159] - Application shutdown requested.
[${project.name}][${env:SERVER_PORT}] 2020-09-21 10:31:45,117 INFO [RMI TCP Connection(22)-127.0.0.1][DirectJDKLog.java:173] - Pausing ProtocolHandler ["http-nio-8888"]
[${project.name}][${env:SERVER_PORT}] 2020-09-21 10:31:46,646 INFO [RMI TCP Connection(22)-127.0.0.1][DirectJDKLog.java:173] - Stopping service [Tomcat]
[${project.name}][${env:SERVER_PORT}] 2020-09-21 10:31:46,656 INFO [RMI TCP Connection(22)-127.0.0.1][DirectJDKLog.java:173] - Stopping ProtocolHandler ["http-nio-8888"]
[${project.name}][${env:SERVER_PORT}] 2020-09-21 10:31:46,660 INFO [RMI TCP Connection(22)-127.0.0.1][DirectJDKLog.java:173] - Destroying ProtocolHandler ["http-nio-8888"]
[${project.name}][${env:SERVER_PORT}] 2020-09-21 10:31:46,662 INFO [RMI TCP Connection(22)-127.0.0.1][NacosServiceRegistry.java:74] - De-registering from Nacos Server now...
[${project.name}][${env:SERVER_PORT}] 2020-09-21 10:31:46,670 INFO [RMI TCP Connection(22)-127.0.0.1][NacosServiceRegistry.java:93] - De-registration finished.
[${project.name}][${env:SERVER_PORT}] 2020-09-21 10:31:46,671 INFO [RMI TCP Connection(22)-127.0.0.1][ExecutorConfigurationSupport.java:218] - Shutting down ExecutorService 'applicationTaskExecutor'
[${project.name}][${env:SERVER_PORT}] 2020-09-21 10:31:46,675 INFO [RMI TCP Connection(22)-127.0.0.1][DruidDataSource.java:2024] - {dataSource-1} closing ...
[${project.name}][${env:SERVER_PORT}] 2020-09-21 10:31:46,681 INFO [RMI TCP Connection(22)-127.0.0.1][DruidDataSource.java:2096] - {dataSource-1} closed
[${project.name}][${env:SERVER_PORT}] 2020-09-21 10:32:09,559 INFO [main][PostProcessorRegistrationDelegate.java:335] - Bean 'org.springframework.cloud.autoconfigure.ConfigurationPropertiesRebinderAutoConfiguration' of type [org.springframework.cloud.autoconfigure.ConfigurationPropertiesRebinderAutoConfiguration$$EnhancerBySpringCGLIB$$a3746157] is not eligible for getting processed by all BeanPostProcessors (for example: not eligible for auto-proxying)
[${project.name}][${env:SERVER_PORT}] 2020-09-21 10:32:12,523 INFO [main][PropertySourceBootstrapConfiguration.java:101] - Located property source: CompositePropertySource {name='NACOS', propertySources=[NacosPropertySource {name='T_USER.properties'}]}
[${project.name}][${env:SERVER_PORT}] 2020-09-21 10:32:12,546 INFO [main][SpringApplication.java:651] - No active profile set, falling back to default profiles: default
[${project.name}][${env:SERVER_PORT}] 2020-09-21 10:32:13,253 INFO [main][GenericScope.java:295] - BeanFactory id=e6aa3ef4-2054-3e63-b3cf-ad57cf10772a
[${project.name}][${env:SERVER_PORT}] 2020-09-21 10:32:13,307 INFO [main][PostProcessorRegistrationDelegate.java:335] - Bean 'org.springframework.cloud.autoconfigure.ConfigurationPropertiesRebinderAutoConfiguration' of type [org.springframework.cloud.autoconfigure.ConfigurationPropertiesRebinderAutoConfiguration$$EnhancerBySpringCGLIB$$a3746157] is not eligible for getting processed by all BeanPostProcessors (for example: not eligible for auto-proxying)
[${project.name}][${env:SERVER_PORT}] 2020-09-21 10:32:13,492 INFO [main][TomcatWebServer.java:108] - Tomcat initialized with port(s): 8888 (http)
[${project.name}][${env:SERVER_PORT}] 2020-09-21 10:32:13,499 INFO [main][DirectJDKLog.java:173] - Initializing ProtocolHandler ["http-nio-8888"]
[${project.name}][${env:SERVER_PORT}] 2020-09-21 10:32:13,499 INFO [main][DirectJDKLog.java:173] - Starting service [Tomcat]
[${project.name}][${env:SERVER_PORT}] 2020-09-21 10:32:13,500 INFO [main][DirectJDKLog.java:173] - Starting Servlet engine: [Apache Tomcat/9.0.37]
[${project.name}][${env:SERVER_PORT}] 2020-09-21 10:32:13,617 INFO [main][DirectJDKLog.java:173] - Initializing Spring embedded WebApplicationContext
[${project.name}][${env:SERVER_PORT}] 2020-09-21 10:32:13,617 INFO [main][ServletWebServerApplicationContext.java:285] - Root WebApplicationContext: initialization completed in 1060 ms
[${project.name}][${env:SERVER_PORT}] 2020-09-21 10:32:13,689 INFO [main][DruidDataSourceAutoConfigure.java:56] - Init DruidDataSource
[${project.name}][${env:SERVER_PORT}] 2020-09-21 10:32:13,763 INFO [main][DruidDataSource.java:983] - {dataSource-1} inited
[${project.name}][${env:SERVER_PORT}] 2020-09-21 10:32:14,114 WARN [main][AbstractMethod.java:306] - [com.zzc.intern.mapper.HouseInfoMapper.delete] Has been loaded by XML or SqlProvider or Mybatis's Annotation, so ignoring this injection for [class com.baomidou.mybatisplus.core.injector.methods.Delete]
[${project.name}][${env:SERVER_PORT}] 2020-09-21 10:32:14,118 WARN [main][AbstractMethod.java:306] - [com.zzc.intern.mapper.HouseInfoMapper.update] Has been loaded by XML or SqlProvider or Mybatis's Annotation, so ignoring this injection for [class com.baomidou.mybatisplus.core.injector.methods.Update]
[${project.name}][${env:SERVER_PORT}] 2020-09-21 10:32:14,137 WARN [main][AbstractMethod.java:306] - [com.zzc.intern.mapper.JobInfoMapper.insert] Has been loaded by XML or SqlProvider or Mybatis's Annotation, so ignoring this injection for [class com.baomidou.mybatisplus.core.injector.methods.Insert]
[${project.name}][${env:SERVER_PORT}] 2020-09-21 10:32:14,196 WARN [main][AbstractMethod.java:306] - [com.zzc.intern.mapper.ResourceInfoMapper.deleteById] Has been loaded by XML or SqlProvider or Mybatis's Annotation, so ignoring this injection for [class com.baomidou.mybatisplus.core.injector.methods.DeleteById]
[${project.name}][${env:SERVER_PORT}] 2020-09-21 10:32:14,198 WARN [main][AbstractMethod.java:306] - [com.zzc.intern.mapper.ResourceInfoMapper.update] Has been loaded by XML or SqlProvider or Mybatis's Annotation, so ignoring this injection for [class com.baomidou.mybatisplus.core.injector.methods.Update]
[${project.name}][${env:SERVER_PORT}] 2020-09-21 10:32:14,746 INFO [main][PropertySourcedRequestMappingHandlerMapping.java:69] - Mapped URL path [/v2/api-docs] onto method [springfox.documentation.swagger2.web.Swagger2Controller#getDocumentation(String, HttpServletRequest)]
[${project.name}][${env:SERVER_PORT}] 2020-09-21 10:32:14,761 WARN [main][URLConfigurationSource.java:121] - No URLs will be polled as dynamic configuration sources.
[${project.name}][${env:SERVER_PORT}] 2020-09-21 10:32:14,762 INFO [main][URLConfigurationSource.java:122] - To enable URLs as dynamic configuration sources, define System property archaius.configurationSource.additionalUrls or make config.properties available on classpath.
[${project.name}][${env:SERVER_PORT}] 2020-09-21 10:32:14,765 WARN [main][URLConfigurationSource.java:121] - No URLs will be polled as dynamic configuration sources.
[${project.name}][${env:SERVER_PORT}] 2020-09-21 10:32:14,765 INFO [main][URLConfigurationSource.java:122] - To enable URLs as dynamic configuration sources, define System property archaius.configurationSource.additionalUrls or make config.properties available on classpath.
[${project.name}][${env:SERVER_PORT}] 2020-09-21 10:32:14,847 INFO [main][ExecutorConfigurationSupport.java:181] - Initializing ExecutorService 'applicationTaskExecutor'
[${project.name}][${env:SERVER_PORT}] 2020-09-21 10:32:17,490 INFO [main][InetUtils.java:170] - Cannot determine local hostname
[${project.name}][${env:SERVER_PORT}] 2020-09-21 10:32:17,559 INFO [main][ExecutorConfigurationSupport.java:181] - Initializing ExecutorService
[${project.name}][${env:SERVER_PORT}] 2020-09-21 10:32:20,172 INFO [main][InetUtils.java:170] - Cannot determine local hostname
[${project.name}][${env:SERVER_PORT}] 2020-09-21 10:32:20,429 INFO [main][DirectJDKLog.java:173] - Starting ProtocolHandler ["http-nio-8888"]
[${project.name}][${env:SERVER_PORT}] 2020-09-21 10:32:20,476 INFO [main][TomcatWebServer.java:220] - Tomcat started on port(s): 8888 (http) with context path ''
[${project.name}][${env:SERVER_PORT}] 2020-09-21 10:32:20,587 INFO [main][NacosServiceRegistry.java:62] - nacos registry, T_USER 192.168.56.1:8888 register finished
[${project.name}][${env:SERVER_PORT}] 2020-09-21 10:32:20,590 INFO [main][DocumentationPluginsBootstrapper.java:160] - Context refreshed
[${project.name}][${env:SERVER_PORT}] 2020-09-21 10:32:20,626 INFO [main][DocumentationPluginsBootstrapper.java:163] - Found 1 custom documentation plugin(s)
[${project.name}][${env:SERVER_PORT}] 2020-09-21 10:32:20,676 INFO [main][ApiListingReferenceScanner.java:41] - Scanning for api listing references
[${project.name}][${env:SERVER_PORT}] 2020-09-21 10:32:20,880 INFO [main][CachingOperationNameGenerator.java:40] - Generating unique operation named: findAllUsingGET_1
[${project.name}][${env:SERVER_PORT}] 2020-09-21 10:32:20,883 INFO [main][CachingOperationNameGenerator.java:40] - Generating unique operation named: findByIdUsingGET_1
[${project.name}][${env:SERVER_PORT}] 2020-09-21 10:32:20,904 INFO [main][CachingOperationNameGenerator.java:40] - Generating unique operation named: findAllUsingGET_2
[${project.name}][${env:SERVER_PORT}] 2020-09-21 10:32:20,924 INFO [main][CachingOperationNameGenerator.java:40] - Generating unique operation named: insertUsingGET_1
[${project.name}][${env:SERVER_PORT}] 2020-09-21 10:32:20,940 INFO [main][CachingOperationNameGenerator.java:40] - Generating unique operation named: addUsingPOST_1
[${project.name}][${env:SERVER_PORT}] 2020-09-21 10:32:20,945 INFO [main][CachingOperationNameGenerator.java:40] - Generating unique operation named: deleteByIdUsingGET_1
[${project.name}][${env:SERVER_PORT}] 2020-09-21 10:32:20,950 INFO [main][CachingOperationNameGenerator.java:40] - Generating unique operation named: findAllUsingGET_3
[${project.name}][${env:SERVER_PORT}] 2020-09-21 10:32:20,957 INFO [main][CachingOperationNameGenerator.java:40] - Generating unique operation named: findByIdUsingGET_2
[${project.name}][${env:SERVER_PORT}] 2020-09-21 10:32:20,960 INFO [main][CachingOperationNameGenerator.java:40] - Generating unique operation named: updateUsingPOST_1
[${project.name}][${env:SERVER_PORT}] 2020-09-21 10:32:20,970 INFO [main][CachingOperationNameGenerator.java:40] - Generating unique operation named: findAllUsingGET_4
[${project.name}][${env:SERVER_PORT}] 2020-09-21 10:32:20,995 INFO [main][StartupInfoLogger.java:61] - Started TUserApplication in 14.52 seconds (JVM running for 16.402)
[${project.name}][${env:SERVER_PORT}] 2020-09-21 10:38:45,565 ERROR [com.alibaba.nacos.client.Worker.longPolling.fixed-192.168.2.173_8848][ServerHttpAgent.java:151] - [NACOS SocketTimeoutException httpPost] currentServerAddr: http://192.168.2.173:8848， err : Read timed out
[${project.name}][${env:SERVER_PORT}] 2020-09-21 10:38:45,566 ERROR [com.alibaba.nacos.client.Worker.longPolling.fixed-192.168.2.173_8848][ServerHttpAgent.java:169] - no available server, currentServerAddr : http://192.168.2.173:8848
[${project.name}][${env:SERVER_PORT}] 2020-09-21 10:38:45,567 ERROR [com.alibaba.nacos.client.Worker.longPolling.fixed-192.168.2.173_8848][ClientWorker.java:389] - [fixed-192.168.2.173_8848] [check-update] get changed dataId exception
java.net.ConnectException: no available server, currentServerAddr : http://192.168.2.173:8848
	at com.alibaba.nacos.client.config.http.ServerHttpAgent.httpPost(ServerHttpAgent.java:170)
	at com.alibaba.nacos.client.config.http.MetricsHttpAgent.httpPost(MetricsHttpAgent.java:64)
	at com.alibaba.nacos.client.config.impl.ClientWorker.checkUpdateConfigStr(ClientWorker.java:377)
	at com.alibaba.nacos.client.config.impl.ClientWorker.checkUpdateDataIds(ClientWorker.java:352)
	at com.alibaba.nacos.client.config.impl.ClientWorker$LongPollingRunnable.run(ClientWorker.java:512)
	at java.util.concurrent.Executors$RunnableAdapter.call(Executors.java:511)
	at java.util.concurrent.FutureTask.run(FutureTask.java:266)
	at java.util.concurrent.ScheduledThreadPoolExecutor$ScheduledFutureTask.access$201(ScheduledThreadPoolExecutor.java:180)
	at java.util.concurrent.ScheduledThreadPoolExecutor$ScheduledFutureTask.run(ScheduledThreadPoolExecutor.java:293)
	at java.util.concurrent.ThreadPoolExecutor.runWorker(ThreadPoolExecutor.java:1149)
	at java.util.concurrent.ThreadPoolExecutor$Worker.run(ThreadPoolExecutor.java:624)
	at java.lang.Thread.run(Thread.java:853)
[${project.name}][${env:SERVER_PORT}] 2020-09-21 10:38:45,581 ERROR [com.alibaba.nacos.client.Worker.longPolling.fixed-192.168.2.173_8848][ClientWorker.java:550] - longPolling error : 
java.net.ConnectException: no available server, currentServerAddr : http://192.168.2.173:8848
	at com.alibaba.nacos.client.config.http.ServerHttpAgent.httpPost(ServerHttpAgent.java:170)
	at com.alibaba.nacos.client.config.http.MetricsHttpAgent.httpPost(MetricsHttpAgent.java:64)
	at com.alibaba.nacos.client.config.impl.ClientWorker.checkUpdateConfigStr(ClientWorker.java:377)
	at com.alibaba.nacos.client.config.impl.ClientWorker.checkUpdateDataIds(ClientWorker.java:352)
	at com.alibaba.nacos.client.config.impl.ClientWorker$LongPollingRunnable.run(ClientWorker.java:512)
	at java.util.concurrent.Executors$RunnableAdapter.call(Executors.java:511)
	at java.util.concurrent.FutureTask.run(FutureTask.java:266)
	at java.util.concurrent.ScheduledThreadPoolExecutor$ScheduledFutureTask.access$201(ScheduledThreadPoolExecutor.java:180)
	at java.util.concurrent.ScheduledThreadPoolExecutor$ScheduledFutureTask.run(ScheduledThreadPoolExecutor.java:293)
	at java.util.concurrent.ThreadPoolExecutor.runWorker(ThreadPoolExecutor.java:1149)
	at java.util.concurrent.ThreadPoolExecutor$Worker.run(ThreadPoolExecutor.java:624)
	at java.lang.Thread.run(Thread.java:853)
[${project.name}][${env:SERVER_PORT}] 2020-09-21 10:42:14,682 ERROR [com.alibaba.nacos.client.Worker.longPolling.fixed-192.168.2.173_8848][ServerHttpAgent.java:151] - [NACOS SocketTimeoutException httpPost] currentServerAddr: http://192.168.2.173:8848， err : Read timed out
[${project.name}][${env:SERVER_PORT}] 2020-09-21 10:42:14,683 ERROR [com.alibaba.nacos.client.Worker.longPolling.fixed-192.168.2.173_8848][ServerHttpAgent.java:169] - no available server, currentServerAddr : http://192.168.2.173:8848
[${project.name}][${env:SERVER_PORT}] 2020-09-21 10:42:14,684 ERROR [com.alibaba.nacos.client.Worker.longPolling.fixed-192.168.2.173_8848][ClientWorker.java:389] - [fixed-192.168.2.173_8848] [check-update] get changed dataId exception
java.net.ConnectException: no available server, currentServerAddr : http://192.168.2.173:8848
	at com.alibaba.nacos.client.config.http.ServerHttpAgent.httpPost(ServerHttpAgent.java:170)
	at com.alibaba.nacos.client.config.http.MetricsHttpAgent.httpPost(MetricsHttpAgent.java:64)
	at com.alibaba.nacos.client.config.impl.ClientWorker.checkUpdateConfigStr(ClientWorker.java:377)
	at com.alibaba.nacos.client.config.impl.ClientWorker.checkUpdateDataIds(ClientWorker.java:352)
	at com.alibaba.nacos.client.config.impl.ClientWorker$LongPollingRunnable.run(ClientWorker.java:512)
	at java.util.concurrent.Executors$RunnableAdapter.call(Executors.java:511)
	at java.util.concurrent.FutureTask.run(FutureTask.java:266)
	at java.util.concurrent.ScheduledThreadPoolExecutor$ScheduledFutureTask.access$201(ScheduledThreadPoolExecutor.java:180)
	at java.util.concurrent.ScheduledThreadPoolExecutor$ScheduledFutureTask.run(ScheduledThreadPoolExecutor.java:293)
	at java.util.concurrent.ThreadPoolExecutor.runWorker(ThreadPoolExecutor.java:1149)
	at java.util.concurrent.ThreadPoolExecutor$Worker.run(ThreadPoolExecutor.java:624)
	at java.lang.Thread.run(Thread.java:853)
[${project.name}][${env:SERVER_PORT}] 2020-09-21 10:42:14,685 ERROR [com.alibaba.nacos.client.Worker.longPolling.fixed-192.168.2.173_8848][ClientWorker.java:550] - longPolling error : 
java.net.ConnectException: no available server, currentServerAddr : http://192.168.2.173:8848
	at com.alibaba.nacos.client.config.http.ServerHttpAgent.httpPost(ServerHttpAgent.java:170)
	at com.alibaba.nacos.client.config.http.MetricsHttpAgent.httpPost(MetricsHttpAgent.java:64)
	at com.alibaba.nacos.client.config.impl.ClientWorker.checkUpdateConfigStr(ClientWorker.java:377)
	at com.alibaba.nacos.client.config.impl.ClientWorker.checkUpdateDataIds(ClientWorker.java:352)
	at com.alibaba.nacos.client.config.impl.ClientWorker$LongPollingRunnable.run(ClientWorker.java:512)
	at java.util.concurrent.Executors$RunnableAdapter.call(Executors.java:511)
	at java.util.concurrent.FutureTask.run(FutureTask.java:266)
	at java.util.concurrent.ScheduledThreadPoolExecutor$ScheduledFutureTask.access$201(ScheduledThreadPoolExecutor.java:180)
	at java.util.concurrent.ScheduledThreadPoolExecutor$ScheduledFutureTask.run(ScheduledThreadPoolExecutor.java:293)
	at java.util.concurrent.ThreadPoolExecutor.runWorker(ThreadPoolExecutor.java:1149)
	at java.util.concurrent.ThreadPoolExecutor$Worker.run(ThreadPoolExecutor.java:624)
	at java.lang.Thread.run(Thread.java:853)
[${project.name}][${env:SERVER_PORT}] 2020-09-21 10:42:19,690 ERROR [com.alibaba.nacos.client.Worker.longPolling.fixed-192.168.2.173_8848][ServerHttpAgent.java:151] - [NACOS SocketTimeoutException httpPost] currentServerAddr: http://192.168.2.173:8848， err : connect timed out
[${project.name}][${env:SERVER_PORT}] 2020-09-21 10:42:22,992 WARN [com.alibaba.nacos.naming.beat.sender][HttpClient.java:95] - failed to request http://192.168.2.173:8848/nacos/v1/ns/instance/beat?beat=%7B%22cluster%22%3A%22DEFAULT%22%2C%22ip%22%3A%22192.168.56.1%22%2C%22metadata%22%3A%7B%22preserved.register.source%22%3A%22SPRING_CLOUD%22%7D%2C%22period%22%3A5000%2C%22port%22%3A8888%2C%22scheduled%22%3Afalse%2C%22serviceName%22%3A%22DEFAULT_GROUP%40%40T_USER%22%2C%22stopped%22%3Afalse%2C%22weight%22%3A1.0%7D&serviceName=DEFAULT_GROUP%40%40T_USER&encoding=UTF-8&namespaceId=public from 192.168.2.173
[${project.name}][${env:SERVER_PORT}] 2020-09-21 10:42:22,992 ERROR [com.alibaba.nacos.naming.beat.sender][HttpClient.java:103] - [NA] failed to request 
java.net.SocketTimeoutException: connect timed out
	at java.net.DualStackPlainSocketImpl.waitForConnect(Native Method)
	at java.net.DualStackPlainSocketImpl.socketConnect(DualStackPlainSocketImpl.java:85)
	at java.net.AbstractPlainSocketImpl.doConnect(AbstractPlainSocketImpl.java:350)
	at java.net.AbstractPlainSocketImpl.connectToAddress(AbstractPlainSocketImpl.java:206)
	at java.net.AbstractPlainSocketImpl.connect(AbstractPlainSocketImpl.java:188)
	at java.net.PlainSocketImpl.connect(PlainSocketImpl.java:172)
	at java.net.SocksSocketImpl.connect(SocksSocketImpl.java:392)
	at java.net.Socket.connect(Socket.java:656)
	at sun.net.NetworkClient.doConnect(NetworkClient.java:175)
	at sun.net.www.http.HttpClient.openServer(HttpClient.java:463)
	at sun.net.www.http.HttpClient.openServer(HttpClient.java:558)
	at sun.net.www.http.HttpClient.<init>(HttpClient.java:242)
	at sun.net.www.http.HttpClient.New(HttpClient.java:339)
	at sun.net.www.http.HttpClient.New(HttpClient.java:357)
	at sun.net.www.protocol.http.HttpURLConnection.getNewHttpClient(HttpURLConnection.java:1226)
	at sun.net.www.protocol.http.HttpURLConnection.plainConnect0(HttpURLConnection.java:1162)
	at sun.net.www.protocol.http.HttpURLConnection.plainConnect(HttpURLConnection.java:1056)
	at sun.net.www.protocol.http.HttpURLConnection.connect(HttpURLConnection.java:990)
	at sun.net.www.protocol.http.HttpURLConnection.getOutputStream0(HttpURLConnection.java:1340)
	at sun.net.www.protocol.http.HttpURLConnection.getOutputStream(HttpURLConnection.java:1315)
	at com.alibaba.nacos.client.naming.net.HttpClient.request(HttpClient.java:85)
	at com.alibaba.nacos.client.naming.net.NamingProxy.callServer(NamingProxy.java:410)
	at com.alibaba.nacos.client.naming.net.NamingProxy.reqAPI(NamingProxy.java:451)
	at com.alibaba.nacos.client.naming.net.NamingProxy.reqAPI(NamingProxy.java:386)
	at com.alibaba.nacos.client.naming.net.NamingProxy.sendBeat(NamingProxy.java:309)
	at com.alibaba.nacos.client.naming.beat.BeatReactor$BeatTask.run(BeatReactor.java:92)
	at java.util.concurrent.Executors$RunnableAdapter.call(Executors.java:511)
	at java.util.concurrent.FutureTask.run(FutureTask.java:266)
	at java.util.concurrent.ScheduledThreadPoolExecutor$ScheduledFutureTask.access$201(ScheduledThreadPoolExecutor.java:180)
	at java.util.concurrent.ScheduledThreadPoolExecutor$ScheduledFutureTask.run(ScheduledThreadPoolExecutor.java:293)
	at java.util.concurrent.ThreadPoolExecutor.runWorker(ThreadPoolExecutor.java:1149)
	at java.util.concurrent.ThreadPoolExecutor$Worker.run(ThreadPoolExecutor.java:624)
	at java.lang.Thread.run(Thread.java:853)
[${project.name}][${env:SERVER_PORT}] 2020-09-21 10:42:22,993 ERROR [com.alibaba.nacos.naming.beat.sender][NamingProxy.java:454] - request 192.168.2.173:8848 failed.
ErrCode:500, ErrMsg:failed to req API:192.168.2.173:8848/nacos/v1/ns/instance/beat. code:500 msg: java.net.SocketTimeoutException: connect timed out
	at com.alibaba.nacos.client.naming.net.NamingProxy.callServer(NamingProxy.java:424)
	at com.alibaba.nacos.client.naming.net.NamingProxy.reqAPI(NamingProxy.java:451)
	at com.alibaba.nacos.client.naming.net.NamingProxy.reqAPI(NamingProxy.java:386)
	at com.alibaba.nacos.client.naming.net.NamingProxy.sendBeat(NamingProxy.java:309)
	at com.alibaba.nacos.client.naming.beat.BeatReactor$BeatTask.run(BeatReactor.java:92)
	at java.util.concurrent.Executors$RunnableAdapter.call(Executors.java:511)
	at java.util.concurrent.FutureTask.run(FutureTask.java:266)
	at java.util.concurrent.ScheduledThreadPoolExecutor$ScheduledFutureTask.access$201(ScheduledThreadPoolExecutor.java:180)
	at java.util.concurrent.ScheduledThreadPoolExecutor$ScheduledFutureTask.run(ScheduledThreadPoolExecutor.java:293)
	at java.util.concurrent.ThreadPoolExecutor.runWorker(ThreadPoolExecutor.java:1149)
	at java.util.concurrent.ThreadPoolExecutor$Worker.run(ThreadPoolExecutor.java:624)
	at java.lang.Thread.run(Thread.java:853)
[${project.name}][${env:SERVER_PORT}] 2020-09-21 10:42:22,994 ERROR [com.alibaba.nacos.naming.beat.sender][NamingProxy.java:316] - [CLIENT-BEAT] failed to send beat: {"cluster":"DEFAULT","ip":"192.168.56.1","metadata":{"preserved.register.source":"SPRING_CLOUD"},"period":5000,"port":8888,"scheduled":false,"serviceName":"DEFAULT_GROUP@@T_USER","stopped":false,"weight":1.0}
java.lang.IllegalStateException: failed to req API:/nacos/v1/ns/instance/beat after all servers([192.168.2.173:8848]) tried: failed to req API:192.168.2.173:8848/nacos/v1/ns/instance/beat. code:500 msg: java.net.SocketTimeoutException: connect timed out
	at com.alibaba.nacos.client.naming.net.NamingProxy.reqAPI(NamingProxy.java:464)
	at com.alibaba.nacos.client.naming.net.NamingProxy.reqAPI(NamingProxy.java:386)
	at com.alibaba.nacos.client.naming.net.NamingProxy.sendBeat(NamingProxy.java:309)
	at com.alibaba.nacos.client.naming.beat.BeatReactor$BeatTask.run(BeatReactor.java:92)
	at java.util.concurrent.Executors$RunnableAdapter.call(Executors.java:511)
	at java.util.concurrent.FutureTask.run(FutureTask.java:266)
	at java.util.concurrent.ScheduledThreadPoolExecutor$ScheduledFutureTask.access$201(ScheduledThreadPoolExecutor.java:180)
	at java.util.concurrent.ScheduledThreadPoolExecutor$ScheduledFutureTask.run(ScheduledThreadPoolExecutor.java:293)
	at java.util.concurrent.ThreadPoolExecutor.runWorker(ThreadPoolExecutor.java:1149)
	at java.util.concurrent.ThreadPoolExecutor$Worker.run(ThreadPoolExecutor.java:624)
	at java.lang.Thread.run(Thread.java:853)
[${project.name}][${env:SERVER_PORT}] 2020-09-21 10:45:18,614 ERROR [com.alibaba.nacos.client.Worker.longPolling.fixed-192.168.2.173_8848][ServerHttpAgent.java:151] - [NACOS SocketTimeoutException httpPost] currentServerAddr: http://192.168.2.173:8848， err : Read timed out
[${project.name}][${env:SERVER_PORT}] 2020-09-21 10:45:18,614 ERROR [com.alibaba.nacos.client.Worker.longPolling.fixed-192.168.2.173_8848][ServerHttpAgent.java:169] - no available server, currentServerAddr : http://192.168.2.173:8848
[${project.name}][${env:SERVER_PORT}] 2020-09-21 10:45:18,615 ERROR [com.alibaba.nacos.client.Worker.longPolling.fixed-192.168.2.173_8848][ClientWorker.java:389] - [fixed-192.168.2.173_8848] [check-update] get changed dataId exception
java.net.ConnectException: no available server, currentServerAddr : http://192.168.2.173:8848
	at com.alibaba.nacos.client.config.http.ServerHttpAgent.httpPost(ServerHttpAgent.java:170)
	at com.alibaba.nacos.client.config.http.MetricsHttpAgent.httpPost(MetricsHttpAgent.java:64)
	at com.alibaba.nacos.client.config.impl.ClientWorker.checkUpdateConfigStr(ClientWorker.java:377)
	at com.alibaba.nacos.client.config.impl.ClientWorker.checkUpdateDataIds(ClientWorker.java:352)
	at com.alibaba.nacos.client.config.impl.ClientWorker$LongPollingRunnable.run(ClientWorker.java:512)
	at java.util.concurrent.Executors$RunnableAdapter.call(Executors.java:511)
	at java.util.concurrent.FutureTask.run(FutureTask.java:266)
	at java.util.concurrent.ScheduledThreadPoolExecutor$ScheduledFutureTask.access$201(ScheduledThreadPoolExecutor.java:180)
	at java.util.concurrent.ScheduledThreadPoolExecutor$ScheduledFutureTask.run(ScheduledThreadPoolExecutor.java:293)
	at java.util.concurrent.ThreadPoolExecutor.runWorker(ThreadPoolExecutor.java:1149)
	at java.util.concurrent.ThreadPoolExecutor$Worker.run(ThreadPoolExecutor.java:624)
	at java.lang.Thread.run(Thread.java:853)
[${project.name}][${env:SERVER_PORT}] 2020-09-21 10:45:18,617 ERROR [com.alibaba.nacos.client.Worker.longPolling.fixed-192.168.2.173_8848][ClientWorker.java:550] - longPolling error : 
java.net.ConnectException: no available server, currentServerAddr : http://192.168.2.173:8848
	at com.alibaba.nacos.client.config.http.ServerHttpAgent.httpPost(ServerHttpAgent.java:170)
	at com.alibaba.nacos.client.config.http.MetricsHttpAgent.httpPost(MetricsHttpAgent.java:64)
	at com.alibaba.nacos.client.config.impl.ClientWorker.checkUpdateConfigStr(ClientWorker.java:377)
	at com.alibaba.nacos.client.config.impl.ClientWorker.checkUpdateDataIds(ClientWorker.java:352)
	at com.alibaba.nacos.client.config.impl.ClientWorker$LongPollingRunnable.run(ClientWorker.java:512)
	at java.util.concurrent.Executors$RunnableAdapter.call(Executors.java:511)
	at java.util.concurrent.FutureTask.run(FutureTask.java:266)
	at java.util.concurrent.ScheduledThreadPoolExecutor$ScheduledFutureTask.access$201(ScheduledThreadPoolExecutor.java:180)
	at java.util.concurrent.ScheduledThreadPoolExecutor$ScheduledFutureTask.run(ScheduledThreadPoolExecutor.java:293)
	at java.util.concurrent.ThreadPoolExecutor.runWorker(ThreadPoolExecutor.java:1149)
	at java.util.concurrent.ThreadPoolExecutor$Worker.run(ThreadPoolExecutor.java:624)
	at java.lang.Thread.run(Thread.java:853)
[${project.name}][${env:SERVER_PORT}] 2020-09-21 10:51:08,775 INFO [RMI TCP Connection(27)-127.0.0.1][SpringApplicationAdminMXBeanRegistrar.java:159] - Application shutdown requested.
[${project.name}][${env:SERVER_PORT}] 2020-09-21 10:51:08,779 INFO [RMI TCP Connection(27)-127.0.0.1][DirectJDKLog.java:173] - Pausing ProtocolHandler ["http-nio-8888"]
[${project.name}][${env:SERVER_PORT}] 2020-09-21 10:51:09,840 INFO [RMI TCP Connection(27)-127.0.0.1][DirectJDKLog.java:173] - Stopping service [Tomcat]
[${project.name}][${env:SERVER_PORT}] 2020-09-21 10:51:09,849 INFO [RMI TCP Connection(27)-127.0.0.1][DirectJDKLog.java:173] - Stopping ProtocolHandler ["http-nio-8888"]
[${project.name}][${env:SERVER_PORT}] 2020-09-21 10:51:09,854 INFO [RMI TCP Connection(27)-127.0.0.1][DirectJDKLog.java:173] - Destroying ProtocolHandler ["http-nio-8888"]
[${project.name}][${env:SERVER_PORT}] 2020-09-21 10:51:09,855 INFO [RMI TCP Connection(27)-127.0.0.1][NacosServiceRegistry.java:74] - De-registering from Nacos Server now...
[${project.name}][${env:SERVER_PORT}] 2020-09-21 10:51:09,862 INFO [RMI TCP Connection(27)-127.0.0.1][NacosServiceRegistry.java:93] - De-registration finished.
[${project.name}][${env:SERVER_PORT}] 2020-09-21 10:51:09,864 INFO [RMI TCP Connection(27)-127.0.0.1][ExecutorConfigurationSupport.java:218] - Shutting down ExecutorService 'applicationTaskExecutor'
[${project.name}][${env:SERVER_PORT}] 2020-09-21 10:51:09,866 INFO [RMI TCP Connection(27)-127.0.0.1][DruidDataSource.java:2024] - {dataSource-1} closing ...
[${project.name}][${env:SERVER_PORT}] 2020-09-21 10:51:09,879 INFO [RMI TCP Connection(27)-127.0.0.1][DruidDataSource.java:2096] - {dataSource-1} closed
