[${project.name}][${env:SERVER_PORT}] 2020-09-18 14:53:06,301 INFO [main][PostProcessorRegistrationDelegate.java:335] - Bean 'org.springframework.cloud.autoconfigure.ConfigurationPropertiesRebinderAutoConfiguration' of type [org.springframework.cloud.autoconfigure.ConfigurationPropertiesRebinderAutoConfiguration$$EnhancerBySpringCGLIB$$a3746157] is not eligible for getting processed by all BeanPostProcessors (for example: not eligible for auto-proxying)
[${project.name}][${env:SERVER_PORT}] 2020-09-18 14:53:06,943 INFO [main][PropertySourceBootstrapConfiguration.java:101] - Located property source: CompositePropertySource {name='NACOS', propertySources=[NacosPropertySource {name='T_USER.properties'}]}
[${project.name}][${env:SERVER_PORT}] 2020-09-18 14:53:06,978 INFO [main][SpringApplication.java:651] - No active profile set, falling back to default profiles: default
[${project.name}][${env:SERVER_PORT}] 2020-09-18 14:53:07,973 INFO [main][GenericScope.java:295] - BeanFactory id=e6aa3ef4-2054-3e63-b3cf-ad57cf10772a
[${project.name}][${env:SERVER_PORT}] 2020-09-18 14:53:08,052 INFO [main][PostProcessorRegistrationDelegate.java:335] - Bean 'org.springframework.cloud.autoconfigure.ConfigurationPropertiesRebinderAutoConfiguration' of type [org.springframework.cloud.autoconfigure.ConfigurationPropertiesRebinderAutoConfiguration$$EnhancerBySpringCGLIB$$a3746157] is not eligible for getting processed by all BeanPostProcessors (for example: not eligible for auto-proxying)
[${project.name}][${env:SERVER_PORT}] 2020-09-18 14:53:08,331 INFO [main][TomcatWebServer.java:108] - Tomcat initialized with port(s): 8888 (http)
[${project.name}][${env:SERVER_PORT}] 2020-09-18 14:53:08,344 INFO [main][DirectJDKLog.java:173] - Initializing ProtocolHandler ["http-nio-8888"]
[${project.name}][${env:SERVER_PORT}] 2020-09-18 14:53:08,345 INFO [main][DirectJDKLog.java:173] - Starting service [Tomcat]
[${project.name}][${env:SERVER_PORT}] 2020-09-18 14:53:08,345 INFO [main][DirectJDKLog.java:173] - Starting Servlet engine: [Apache Tomcat/9.0.37]
[${project.name}][${env:SERVER_PORT}] 2020-09-18 14:53:08,482 INFO [main][DirectJDKLog.java:173] - Initializing Spring embedded WebApplicationContext
[${project.name}][${env:SERVER_PORT}] 2020-09-18 14:53:08,483 INFO [main][ServletWebServerApplicationContext.java:285] - Root WebApplicationContext: initialization completed in 1483 ms
[${project.name}][${env:SERVER_PORT}] 2020-09-18 14:53:08,602 INFO [main][DruidDataSourceAutoConfigure.java:56] - Init DruidDataSource
[${project.name}][${env:SERVER_PORT}] 2020-09-18 14:53:08,757 INFO [main][DruidDataSource.java:983] - {dataSource-1} inited
[${project.name}][${env:SERVER_PORT}] 2020-09-18 14:53:09,250 WARN [main][AbstractMethod.java:306] - [com.zzc.intern.mapper.HouseInfoMapper.delete] Has been loaded by XML or SqlProvider or Mybatis's Annotation, so ignoring this injection for [class com.baomidou.mybatisplus.core.injector.methods.Delete]
[${project.name}][${env:SERVER_PORT}] 2020-09-18 14:53:09,255 WARN [main][AbstractMethod.java:306] - [com.zzc.intern.mapper.HouseInfoMapper.update] Has been loaded by XML or SqlProvider or Mybatis's Annotation, so ignoring this injection for [class com.baomidou.mybatisplus.core.injector.methods.Update]
[${project.name}][${env:SERVER_PORT}] 2020-09-18 14:53:09,367 WARN [main][AbstractMethod.java:306] - [com.zzc.intern.mapper.ResourceInfoMapper.deleteById] Has been loaded by XML or SqlProvider or Mybatis's Annotation, so ignoring this injection for [class com.baomidou.mybatisplus.core.injector.methods.DeleteById]
[${project.name}][${env:SERVER_PORT}] 2020-09-18 14:53:09,370 WARN [main][AbstractMethod.java:306] - [com.zzc.intern.mapper.ResourceInfoMapper.update] Has been loaded by XML or SqlProvider or Mybatis's Annotation, so ignoring this injection for [class com.baomidou.mybatisplus.core.injector.methods.Update]
[${project.name}][${env:SERVER_PORT}] 2020-09-18 14:53:10,315 INFO [main][PropertySourcedRequestMappingHandlerMapping.java:69] - Mapped URL path [/v2/api-docs] onto method [springfox.documentation.swagger2.web.Swagger2Controller#getDocumentation(String, HttpServletRequest)]
[${project.name}][${env:SERVER_PORT}] 2020-09-18 14:53:10,358 WARN [main][URLConfigurationSource.java:121] - No URLs will be polled as dynamic configuration sources.
[${project.name}][${env:SERVER_PORT}] 2020-09-18 14:53:10,358 INFO [main][URLConfigurationSource.java:122] - To enable URLs as dynamic configuration sources, define System property archaius.configurationSource.additionalUrls or make config.properties available on classpath.
[${project.name}][${env:SERVER_PORT}] 2020-09-18 14:53:10,365 WARN [main][URLConfigurationSource.java:121] - No URLs will be polled as dynamic configuration sources.
[${project.name}][${env:SERVER_PORT}] 2020-09-18 14:53:10,365 INFO [main][URLConfigurationSource.java:122] - To enable URLs as dynamic configuration sources, define System property archaius.configurationSource.additionalUrls or make config.properties available on classpath.
[${project.name}][${env:SERVER_PORT}] 2020-09-18 14:53:10,474 INFO [main][ExecutorConfigurationSupport.java:181] - Initializing ExecutorService 'applicationTaskExecutor'
[${project.name}][${env:SERVER_PORT}] 2020-09-18 14:53:11,025 INFO [main][ExecutorConfigurationSupport.java:181] - Initializing ExecutorService
[${project.name}][${env:SERVER_PORT}] 2020-09-18 14:53:11,646 INFO [main][DirectJDKLog.java:173] - Starting ProtocolHandler ["http-nio-8888"]
[${project.name}][${env:SERVER_PORT}] 2020-09-18 14:53:11,672 INFO [main][TomcatWebServer.java:220] - Tomcat started on port(s): 8888 (http) with context path ''
[${project.name}][${env:SERVER_PORT}] 2020-09-18 14:53:11,723 INFO [main][NacosServiceRegistry.java:62] - nacos registry, T_USER 192.168.2.173:8888 register finished
[${project.name}][${env:SERVER_PORT}] 2020-09-18 14:53:11,725 INFO [main][DocumentationPluginsBootstrapper.java:160] - Context refreshed
[${project.name}][${env:SERVER_PORT}] 2020-09-18 14:53:11,754 INFO [main][DocumentationPluginsBootstrapper.java:163] - Found 1 custom documentation plugin(s)
[${project.name}][${env:SERVER_PORT}] 2020-09-18 14:53:11,794 INFO [main][ApiListingReferenceScanner.java:41] - Scanning for api listing references
[${project.name}][${env:SERVER_PORT}] 2020-09-18 14:53:11,979 INFO [main][CachingOperationNameGenerator.java:40] - Generating unique operation named: findByIdUsingGET_1
[${project.name}][${env:SERVER_PORT}] 2020-09-18 14:53:11,997 INFO [main][CachingOperationNameGenerator.java:40] - Generating unique operation named: findAllUsingGET_1
[${project.name}][${env:SERVER_PORT}] 2020-09-18 14:53:12,001 INFO [main][CachingOperationNameGenerator.java:40] - Generating unique operation named: findByIdUsingGET_2
[${project.name}][${env:SERVER_PORT}] 2020-09-18 14:53:12,028 INFO [main][CachingOperationNameGenerator.java:40] - Generating unique operation named: findByIdUsingGET_3
[${project.name}][${env:SERVER_PORT}] 2020-09-18 14:53:12,048 INFO [main][CachingOperationNameGenerator.java:40] - Generating unique operation named: addUsingPOST_1
[${project.name}][${env:SERVER_PORT}] 2020-09-18 14:53:12,050 INFO [main][CachingOperationNameGenerator.java:40] - Generating unique operation named: deleteByIdUsingGET_1
[${project.name}][${env:SERVER_PORT}] 2020-09-18 14:53:12,056 INFO [main][CachingOperationNameGenerator.java:40] - Generating unique operation named: findAllUsingGET_2
[${project.name}][${env:SERVER_PORT}] 2020-09-18 14:53:12,070 INFO [main][CachingOperationNameGenerator.java:40] - Generating unique operation named: findByIdUsingGET_4
[${project.name}][${env:SERVER_PORT}] 2020-09-18 14:53:12,076 INFO [main][CachingOperationNameGenerator.java:40] - Generating unique operation named: updateUsingPOST_1
[${project.name}][${env:SERVER_PORT}] 2020-09-18 14:53:12,121 INFO [main][StartupInfoLogger.java:61] - Started TUserApplication in 7.32 seconds (JVM running for 9.694)
[${project.name}][${env:SERVER_PORT}] 2020-09-18 14:53:26,970 INFO [http-nio-8888-exec-1][DirectJDKLog.java:173] - Initializing Spring DispatcherServlet 'dispatcherServlet'
[${project.name}][${env:SERVER_PORT}] 2020-09-18 14:53:26,970 INFO [http-nio-8888-exec-1][FrameworkServlet.java:525] - Initializing Servlet 'dispatcherServlet'
[${project.name}][${env:SERVER_PORT}] 2020-09-18 14:53:26,979 INFO [http-nio-8888-exec-1][FrameworkServlet.java:547] - Completed initialization in 9 ms
[${project.name}][${env:SERVER_PORT}] 2020-09-18 14:54:57,754 ERROR [http-nio-8888-exec-4][DruidAbstractDataSource.java:1481] - discard long time none received connection. , jdbcUrl : jdbc:mysql://192.168.2.173:3306/intern?characterEncoding=utf8&useSSL=false&serverTimezone=Hongkong&rewriteBatchedStatements=true&allowPublicKeyRetrieval=true, jdbcUrl : jdbc:mysql://192.168.2.173:3306/intern?characterEncoding=utf8&useSSL=false&serverTimezone=Hongkong&rewriteBatchedStatements=true&allowPublicKeyRetrieval=true, lastPacketReceivedIdleMillis : 90648
[${project.name}][${env:SERVER_PORT}] 2020-09-18 14:54:57,772 ERROR [http-nio-8888-exec-4][DirectJDKLog.java:175] - Servlet.service() for servlet [dispatcherServlet] in context with path [] threw exception [Request processing failed; nested exception is org.mybatis.spring.MyBatisSystemException: nested exception is org.apache.ibatis.executor.ExecutorException: Error preparing statement.  Cause: java.lang.StringIndexOutOfBoundsException: String index out of range: 34] with root cause
java.lang.StringIndexOutOfBoundsException: String index out of range: 34
	at java.lang.String.charAt(String.java:658)
	at com.mysql.cj.ParseInfo.extractValuesClause(ParseInfo.java:352)
	at com.mysql.cj.ParseInfo.buildRewriteBatchedParams(ParseInfo.java:312)
	at com.mysql.cj.ParseInfo.<init>(ParseInfo.java:285)
	at com.mysql.cj.ParseInfo.<init>(ParseInfo.java:93)
	at com.mysql.cj.jdbc.ClientPreparedStatement.<init>(ClientPreparedStatement.java:217)
	at com.mysql.cj.jdbc.ClientPreparedStatement.<init>(ClientPreparedStatement.java:193)
	at com.mysql.cj.jdbc.ClientPreparedStatement.getInstance(ClientPreparedStatement.java:134)
	at com.mysql.cj.jdbc.ConnectionImpl.clientPrepareStatement(ConnectionImpl.java:678)
	at com.mysql.cj.jdbc.ConnectionImpl.prepareStatement(ConnectionImpl.java:1655)
	at com.mysql.cj.jdbc.ConnectionImpl.prepareStatement(ConnectionImpl.java:1575)
	at com.mysql.cj.jdbc.ConnectionImpl.prepareStatement(ConnectionImpl.java:1684)
	at com.alibaba.druid.pool.DruidPooledConnection.prepareStatement(DruidPooledConnection.java:486)
	at org.apache.ibatis.executor.statement.PreparedStatementHandler.instantiateStatement(PreparedStatementHandler.java:83)
	at org.apache.ibatis.executor.statement.BaseStatementHandler.prepare(BaseStatementHandler.java:88)
	at org.apache.ibatis.executor.statement.RoutingStatementHandler.prepare(RoutingStatementHandler.java:59)
	at com.baomidou.mybatisplus.core.executor.MybatisSimpleExecutor.prepareStatement(MybatisSimpleExecutor.java:94)
	at com.baomidou.mybatisplus.core.executor.MybatisSimpleExecutor.doUpdate(MybatisSimpleExecutor.java:53)
	at org.apache.ibatis.executor.BaseExecutor.update(BaseExecutor.java:117)
	at org.apache.ibatis.executor.CachingExecutor.update(CachingExecutor.java:76)
	at org.apache.ibatis.session.defaults.DefaultSqlSession.update(DefaultSqlSession.java:197)
	at org.apache.ibatis.session.defaults.DefaultSqlSession.insert(DefaultSqlSession.java:184)
	at sun.reflect.NativeMethodAccessorImpl.invoke0(Native Method)
	at sun.reflect.NativeMethodAccessorImpl.invoke(NativeMethodAccessorImpl.java:62)
	at sun.reflect.DelegatingMethodAccessorImpl.invoke(DelegatingMethodAccessorImpl.java:43)
	at java.lang.reflect.Method.invoke(Method.java:498)
	at org.mybatis.spring.SqlSessionTemplate$SqlSessionInterceptor.invoke(SqlSessionTemplate.java:433)
	at com.sun.proxy.$Proxy90.insert(Unknown Source)
	at org.mybatis.spring.SqlSessionTemplate.insert(SqlSessionTemplate.java:278)
	at com.baomidou.mybatisplus.core.override.MybatisMapperMethod.execute(MybatisMapperMethod.java:58)
	at com.baomidou.mybatisplus.core.override.MybatisMapperProxy.invoke(MybatisMapperProxy.java:62)
	at com.sun.proxy.$Proxy118.insert(Unknown Source)
	at sun.reflect.NativeMethodAccessorImpl.invoke0(Native Method)
	at sun.reflect.NativeMethodAccessorImpl.invoke(NativeMethodAccessorImpl.java:62)
	at sun.reflect.DelegatingMethodAccessorImpl.invoke(DelegatingMethodAccessorImpl.java:43)
	at java.lang.reflect.Method.invoke(Method.java:498)
	at org.springframework.aop.support.AopUtils.invokeJoinpointUsingReflection(AopUtils.java:344)
	at org.springframework.aop.framework.ReflectiveMethodInvocation.invokeJoinpoint(ReflectiveMethodInvocation.java:198)
	at org.springframework.aop.framework.ReflectiveMethodInvocation.proceed(ReflectiveMethodInvocation.java:163)
	at org.springframework.dao.support.PersistenceExceptionTranslationInterceptor.invoke(PersistenceExceptionTranslationInterceptor.java:139)
	at org.springframework.aop.framework.ReflectiveMethodInvocation.proceed(ReflectiveMethodInvocation.java:186)
	at org.springframework.aop.framework.JdkDynamicAopProxy.invoke(JdkDynamicAopProxy.java:212)
	at com.sun.proxy.$Proxy119.insert(Unknown Source)
	at com.baomidou.mybatisplus.extension.service.impl.ServiceImpl.save(ServiceImpl.java:104)
	at com.baomidou.mybatisplus.extension.service.impl.ServiceImpl$$FastClassBySpringCGLIB$$76535273.invoke(<generated>)
	at org.springframework.cglib.proxy.MethodProxy.invoke(MethodProxy.java:218)
	at org.springframework.aop.framework.CglibAopProxy$DynamicAdvisedInterceptor.intercept(CglibAopProxy.java:687)
	at com.zzc.intern.service.impl.TraineeInfoServiceImpl$$EnhancerBySpringCGLIB$$92a048d9.save(<generated>)
	at com.zzc.intern.controller.TraineeInfoController.save(TraineeInfoController.java:54)
	at sun.reflect.NativeMethodAccessorImpl.invoke0(Native Method)
	at sun.reflect.NativeMethodAccessorImpl.invoke(NativeMethodAccessorImpl.java:62)
	at sun.reflect.DelegatingMethodAccessorImpl.invoke(DelegatingMethodAccessorImpl.java:43)
	at java.lang.reflect.Method.invoke(Method.java:498)
	at org.springframework.web.method.support.InvocableHandlerMethod.doInvoke(InvocableHandlerMethod.java:190)
	at org.springframework.web.method.support.InvocableHandlerMethod.invokeForRequest(InvocableHandlerMethod.java:138)
	at org.springframework.web.servlet.mvc.method.annotation.ServletInvocableHandlerMethod.invokeAndHandle(ServletInvocableHandlerMethod.java:105)
	at org.springframework.web.servlet.mvc.method.annotation.RequestMappingHandlerAdapter.invokeHandlerMethod(RequestMappingHandlerAdapter.java:878)
	at org.springframework.web.servlet.mvc.method.annotation.RequestMappingHandlerAdapter.handleInternal(RequestMappingHandlerAdapter.java:792)
	at org.springframework.web.servlet.mvc.method.AbstractHandlerMethodAdapter.handle(AbstractHandlerMethodAdapter.java:87)
	at org.springframework.web.servlet.DispatcherServlet.doDispatch(DispatcherServlet.java:1040)
	at org.springframework.web.servlet.DispatcherServlet.doService(DispatcherServlet.java:943)
	at org.springframework.web.servlet.FrameworkServlet.processRequest(FrameworkServlet.java:1006)
	at org.springframework.web.servlet.FrameworkServlet.doPost(FrameworkServlet.java:909)
	at javax.servlet.http.HttpServlet.service(HttpServlet.java:652)
	at org.springframework.web.servlet.FrameworkServlet.service(FrameworkServlet.java:883)
	at javax.servlet.http.HttpServlet.service(HttpServlet.java:733)
	at org.apache.catalina.core.ApplicationFilterChain.internalDoFilter(ApplicationFilterChain.java:231)
	at org.apache.catalina.core.ApplicationFilterChain.doFilter(ApplicationFilterChain.java:166)
	at org.apache.tomcat.websocket.server.WsFilter.doFilter(WsFilter.java:53)
	at org.apache.catalina.core.ApplicationFilterChain.internalDoFilter(ApplicationFilterChain.java:193)
	at org.apache.catalina.core.ApplicationFilterChain.doFilter(ApplicationFilterChain.java:166)
	at org.springframework.web.filter.RequestContextFilter.doFilterInternal(RequestContextFilter.java:100)
	at org.springframework.web.filter.OncePerRequestFilter.doFilter(OncePerRequestFilter.java:119)
	at org.apache.catalina.core.ApplicationFilterChain.internalDoFilter(ApplicationFilterChain.java:193)
	at org.apache.catalina.core.ApplicationFilterChain.doFilter(ApplicationFilterChain.java:166)
	at org.springframework.web.filter.FormContentFilter.doFilterInternal(FormContentFilter.java:93)
	at org.springframework.web.filter.OncePerRequestFilter.doFilter(OncePerRequestFilter.java:119)
	at org.apache.catalina.core.ApplicationFilterChain.internalDoFilter(ApplicationFilterChain.java:193)
	at org.apache.catalina.core.ApplicationFilterChain.doFilter(ApplicationFilterChain.java:166)
	at org.springframework.web.filter.CharacterEncodingFilter.doFilterInternal(CharacterEncodingFilter.java:201)
	at org.springframework.web.filter.OncePerRequestFilter.doFilter(OncePerRequestFilter.java:119)
	at org.apache.catalina.core.ApplicationFilterChain.internalDoFilter(ApplicationFilterChain.java:193)
	at org.apache.catalina.core.ApplicationFilterChain.doFilter(ApplicationFilterChain.java:166)
	at org.apache.catalina.core.StandardWrapperValve.invoke(StandardWrapperValve.java:202)
	at org.apache.catalina.core.StandardContextValve.invoke(StandardContextValve.java:96)
	at org.apache.catalina.authenticator.AuthenticatorBase.invoke(AuthenticatorBase.java:541)
	at org.apache.catalina.core.StandardHostValve.invoke(StandardHostValve.java:139)
	at org.apache.catalina.valves.ErrorReportValve.invoke(ErrorReportValve.java:92)
	at org.apache.catalina.core.StandardEngineValve.invoke(StandardEngineValve.java:74)
	at org.apache.catalina.connector.CoyoteAdapter.service(CoyoteAdapter.java:343)
	at org.apache.coyote.http11.Http11Processor.service(Http11Processor.java:373)
	at org.apache.coyote.AbstractProcessorLight.process(AbstractProcessorLight.java:65)
	at org.apache.coyote.AbstractProtocol$ConnectionHandler.process(AbstractProtocol.java:868)
	at org.apache.tomcat.util.net.NioEndpoint$SocketProcessor.doRun(NioEndpoint.java:1589)
	at org.apache.tomcat.util.net.SocketProcessorBase.run(SocketProcessorBase.java:49)
	at java.util.concurrent.ThreadPoolExecutor.runWorker(ThreadPoolExecutor.java:1149)
	at java.util.concurrent.ThreadPoolExecutor$Worker.run(ThreadPoolExecutor.java:624)
	at org.apache.tomcat.util.threads.TaskThread$WrappingRunnable.run(TaskThread.java:61)
	at java.lang.Thread.run(Thread.java:853)
