[${project.name}][${env:SERVER_PORT}] 2020-09-18 09:31:33,554 INFO [main][PostProcessorRegistrationDelegate.java:335] - Bean 'org.springframework.cloud.autoconfigure.ConfigurationPropertiesRebinderAutoConfiguration' of type [org.springframework.cloud.autoconfigure.ConfigurationPropertiesRebinderAutoConfiguration$$EnhancerBySpringCGLIB$$f914a196] is not eligible for getting processed by all BeanPostProcessors (for example: not eligible for auto-proxying)
[${project.name}][${env:SERVER_PORT}] 2020-09-18 09:31:34,216 INFO [main][PropertySourceBootstrapConfiguration.java:101] - Located property source: CompositePropertySource {name='NACOS', propertySources=[NacosPropertySource {name='T_USER.properties'}]}
[${project.name}][${env:SERVER_PORT}] 2020-09-18 09:31:34,255 INFO [main][SpringApplication.java:651] - No active profile set, falling back to default profiles: default
[${project.name}][${env:SERVER_PORT}] 2020-09-18 09:31:35,321 INFO [main][GenericScope.java:295] - BeanFactory id=e6aa3ef4-2054-3e63-b3cf-ad57cf10772a
[${project.name}][${env:SERVER_PORT}] 2020-09-18 09:31:35,402 INFO [main][PostProcessorRegistrationDelegate.java:335] - Bean 'org.springframework.cloud.autoconfigure.ConfigurationPropertiesRebinderAutoConfiguration' of type [org.springframework.cloud.autoconfigure.ConfigurationPropertiesRebinderAutoConfiguration$$EnhancerBySpringCGLIB$$f914a196] is not eligible for getting processed by all BeanPostProcessors (for example: not eligible for auto-proxying)
[${project.name}][${env:SERVER_PORT}] 2020-09-18 09:31:35,693 INFO [main][TomcatWebServer.java:108] - Tomcat initialized with port(s): 8888 (http)
[${project.name}][${env:SERVER_PORT}] 2020-09-18 09:31:35,706 INFO [main][DirectJDKLog.java:173] - Initializing ProtocolHandler ["http-nio-8888"]
[${project.name}][${env:SERVER_PORT}] 2020-09-18 09:31:35,707 INFO [main][DirectJDKLog.java:173] - Starting service [Tomcat]
[${project.name}][${env:SERVER_PORT}] 2020-09-18 09:31:35,707 INFO [main][DirectJDKLog.java:173] - Starting Servlet engine: [Apache Tomcat/9.0.37]
[${project.name}][${env:SERVER_PORT}] 2020-09-18 09:31:35,910 INFO [main][DirectJDKLog.java:173] - Initializing Spring embedded WebApplicationContext
[${project.name}][${env:SERVER_PORT}] 2020-09-18 09:31:35,911 INFO [main][ServletWebServerApplicationContext.java:285] - Root WebApplicationContext: initialization completed in 1627 ms
[${project.name}][${env:SERVER_PORT}] 2020-09-18 09:31:36,013 INFO [main][DruidDataSourceAutoConfigure.java:56] - Init DruidDataSource
[${project.name}][${env:SERVER_PORT}] 2020-09-18 09:31:36,164 INFO [main][DruidDataSource.java:983] - {dataSource-1} inited
[${project.name}][${env:SERVER_PORT}] 2020-09-18 09:31:36,687 WARN [main][AbstractMethod.java:306] - [com.zzc.intern.mapper.HouseInfoMapper.delete] Has been loaded by XML or SqlProvider or Mybatis's Annotation, so ignoring this injection for [class com.baomidou.mybatisplus.core.injector.methods.Delete]
[${project.name}][${env:SERVER_PORT}] 2020-09-18 09:31:36,694 WARN [main][AbstractMethod.java:306] - [com.zzc.intern.mapper.HouseInfoMapper.update] Has been loaded by XML or SqlProvider or Mybatis's Annotation, so ignoring this injection for [class com.baomidou.mybatisplus.core.injector.methods.Update]
[${project.name}][${env:SERVER_PORT}] 2020-09-18 09:31:36,814 WARN [main][AbstractMethod.java:306] - [com.zzc.intern.mapper.ResourceInfoMapper.deleteById] Has been loaded by XML or SqlProvider or Mybatis's Annotation, so ignoring this injection for [class com.baomidou.mybatisplus.core.injector.methods.DeleteById]
[${project.name}][${env:SERVER_PORT}] 2020-09-18 09:31:36,818 WARN [main][AbstractMethod.java:306] - [com.zzc.intern.mapper.ResourceInfoMapper.update] Has been loaded by XML or SqlProvider or Mybatis's Annotation, so ignoring this injection for [class com.baomidou.mybatisplus.core.injector.methods.Update]
[${project.name}][${env:SERVER_PORT}] 2020-09-18 09:31:37,757 INFO [main][PropertySourcedRequestMappingHandlerMapping.java:69] - Mapped URL path [/v2/api-docs] onto method [springfox.documentation.swagger2.web.Swagger2Controller#getDocumentation(String, HttpServletRequest)]
[${project.name}][${env:SERVER_PORT}] 2020-09-18 09:31:37,780 WARN [main][URLConfigurationSource.java:121] - No URLs will be polled as dynamic configuration sources.
[${project.name}][${env:SERVER_PORT}] 2020-09-18 09:31:37,780 INFO [main][URLConfigurationSource.java:122] - To enable URLs as dynamic configuration sources, define System property archaius.configurationSource.additionalUrls or make config.properties available on classpath.
[${project.name}][${env:SERVER_PORT}] 2020-09-18 09:31:37,787 WARN [main][URLConfigurationSource.java:121] - No URLs will be polled as dynamic configuration sources.
[${project.name}][${env:SERVER_PORT}] 2020-09-18 09:31:37,787 INFO [main][URLConfigurationSource.java:122] - To enable URLs as dynamic configuration sources, define System property archaius.configurationSource.additionalUrls or make config.properties available on classpath.
[${project.name}][${env:SERVER_PORT}] 2020-09-18 09:31:37,898 INFO [main][ExecutorConfigurationSupport.java:181] - Initializing ExecutorService 'applicationTaskExecutor'
[${project.name}][${env:SERVER_PORT}] 2020-09-18 09:31:38,446 INFO [main][ExecutorConfigurationSupport.java:181] - Initializing ExecutorService
[${project.name}][${env:SERVER_PORT}] 2020-09-18 09:31:39,039 INFO [main][DirectJDKLog.java:173] - Starting ProtocolHandler ["http-nio-8888"]
[${project.name}][${env:SERVER_PORT}] 2020-09-18 09:31:39,063 INFO [main][TomcatWebServer.java:220] - Tomcat started on port(s): 8888 (http) with context path ''
[${project.name}][${env:SERVER_PORT}] 2020-09-18 09:31:39,126 INFO [main][NacosServiceRegistry.java:62] - nacos registry, T_USER 192.168.2.173:8888 register finished
[${project.name}][${env:SERVER_PORT}] 2020-09-18 09:31:39,128 INFO [main][DocumentationPluginsBootstrapper.java:160] - Context refreshed
[${project.name}][${env:SERVER_PORT}] 2020-09-18 09:31:39,164 INFO [main][DocumentationPluginsBootstrapper.java:163] - Found 1 custom documentation plugin(s)
[${project.name}][${env:SERVER_PORT}] 2020-09-18 09:31:39,201 INFO [main][ApiListingReferenceScanner.java:41] - Scanning for api listing references
[${project.name}][${env:SERVER_PORT}] 2020-09-18 09:31:39,397 INFO [main][CachingOperationNameGenerator.java:40] - Generating unique operation named: findByIdUsingGET_1
[${project.name}][${env:SERVER_PORT}] 2020-09-18 09:31:39,414 INFO [main][CachingOperationNameGenerator.java:40] - Generating unique operation named: findAllUsingGET_1
[${project.name}][${env:SERVER_PORT}] 2020-09-18 09:31:39,419 INFO [main][CachingOperationNameGenerator.java:40] - Generating unique operation named: findByIdUsingGET_2
[${project.name}][${env:SERVER_PORT}] 2020-09-18 09:31:39,432 INFO [main][CachingOperationNameGenerator.java:40] - Generating unique operation named: addUsingPOST_1
[${project.name}][${env:SERVER_PORT}] 2020-09-18 09:31:39,434 INFO [main][CachingOperationNameGenerator.java:40] - Generating unique operation named: deleteByIdUsingGET_1
[${project.name}][${env:SERVER_PORT}] 2020-09-18 09:31:39,443 INFO [main][CachingOperationNameGenerator.java:40] - Generating unique operation named: findAllUsingGET_2
[${project.name}][${env:SERVER_PORT}] 2020-09-18 09:31:39,452 INFO [main][CachingOperationNameGenerator.java:40] - Generating unique operation named: findByIdUsingGET_3
[${project.name}][${env:SERVER_PORT}] 2020-09-18 09:31:39,460 INFO [main][CachingOperationNameGenerator.java:40] - Generating unique operation named: updateUsingPOST_1
[${project.name}][${env:SERVER_PORT}] 2020-09-18 09:31:39,470 INFO [main][CachingOperationNameGenerator.java:40] - Generating unique operation named: findAllUsingGET_3
[${project.name}][${env:SERVER_PORT}] 2020-09-18 09:31:39,497 INFO [main][StartupInfoLogger.java:61] - Started TUserApplication in 7.115 seconds (JVM running for 10.087)
[${project.name}][${env:SERVER_PORT}] 2020-09-18 09:31:48,697 INFO [http-nio-8888-exec-1][DirectJDKLog.java:173] - Initializing Spring DispatcherServlet 'dispatcherServlet'
[${project.name}][${env:SERVER_PORT}] 2020-09-18 09:31:48,698 INFO [http-nio-8888-exec-1][FrameworkServlet.java:525] - Initializing Servlet 'dispatcherServlet'
[${project.name}][${env:SERVER_PORT}] 2020-09-18 09:31:48,709 INFO [http-nio-8888-exec-1][FrameworkServlet.java:547] - Completed initialization in 11 ms
